*** Starting uWSGI 2.0.17 (64bit) on [Mon Mar 26 21:31:00 2018] ***
compiled with version: 5.4.0 20160609 on 18 March 2018 01:42:49
os: Linux-4.13.0-37-generic #42~16.04.1-Ubuntu SMP Wed Mar 7 16:03:28 UTC 2018
nodename: dy-virtual-machine
machine: x86_64
clock source: unix
pcre jit disabled
detected number of CPU cores: 4
current working directory: /home/dy/pytest/django1/dailfresh
writing pidfile to uwsgi.pid
detected binary path: /home/dy/.virtualenvs/pydjango/bin/uwsgi
chdir() to /home/dy/project/test7
your processes number limit is 11709
your memory page size is 4096 bytes
detected max file descriptor number: 1024
lock engine: pthread robust mutexes
thunder lock: disabled (you can enable it with --thunder-lock)
uWSGI http bound on 127.0.0.1:8000 fd 4
uwsgi socket 0 bound to TCP address 127.0.0.1:43491 (port auto-assigned) fd 3
Python version: 2.7.12 (default, Dec  4 2017, 14:50:18)  [GCC 5.4.0 20160609]
Python main interpreter initialized at 0x1717bf0
python threads support enabled
your server socket listen backlog is limited to 100 connections
your mercy for graceful operations on workers is 60 seconds
mapped 416720 bytes (406 KB) for 8 cores
*** Operational MODE: preforking+threaded ***
WSGI app 0 (mountpoint='') ready in 0 seconds on interpreter 0x1717bf0 pid: 12184 (default app)
*** uWSGI is running in multiple interpreter mode ***
spawned uWSGI master process (pid: 12184)
spawned uWSGI worker 1 (pid: 12186, cores: 2)
spawned uWSGI worker 2 (pid: 12187, cores: 2)
spawned uWSGI worker 3 (pid: 12188, cores: 2)
spawned uWSGI worker 4 (pid: 12189, cores: 2)
spawned uWSGI http 1 (pid: 12190)
SIGINT/SIGQUIT received...killing workers...
gateway "uWSGI http 1" has been buried (pid: 12190)
worker 1 buried after 2 seconds
worker 2 buried after 2 seconds
worker 3 buried after 2 seconds
worker 4 buried after 2 seconds
goodbye to uWSGI.
*** Starting uWSGI 2.0.17 (64bit) on [Mon Mar 26 21:50:39 2018] ***
compiled with version: 5.4.0 20160609 on 18 March 2018 01:42:49
os: Linux-4.13.0-37-generic #42~16.04.1-Ubuntu SMP Wed Mar 7 16:03:28 UTC 2018
nodename: dy-virtual-machine
machine: x86_64
clock source: unix
pcre jit disabled
detected number of CPU cores: 4
current working directory: /home/dy/pytest/django1/dailfresh
writing pidfile to uwsgi.pid
detected binary path: /home/dy/.virtualenvs/pydjango/bin/uwsgi
chdir() to /home/dy/pytest/django1/dailfresh
your processes number limit is 11709
your memory page size is 4096 bytes
detected max file descriptor number: 1024
lock engine: pthread robust mutexes
thunder lock: disabled (you can enable it with --thunder-lock)
uWSGI http bound on 127.0.0.1:8000 fd 4
uwsgi socket 0 bound to TCP address 127.0.0.1:45889 (port auto-assigned) fd 3
Python version: 2.7.12 (default, Dec  4 2017, 14:50:18)  [GCC 5.4.0 20160609]
Python main interpreter initialized at 0x2359c20
python threads support enabled
your server socket listen backlog is limited to 100 connections
your mercy for graceful operations on workers is 60 seconds
mapped 416720 bytes (406 KB) for 8 cores
*** Operational MODE: preforking+threaded ***
WSGI app 0 (mountpoint='') ready in 0 seconds on interpreter 0x2359c20 pid: 12608 (default app)
*** uWSGI is running in multiple interpreter mode ***
spawned uWSGI master process (pid: 12608)
spawned uWSGI worker 1 (pid: 12616, cores: 2)
spawned uWSGI worker 2 (pid: 12617, cores: 2)
spawned uWSGI worker 3 (pid: 12618, cores: 2)
spawned uWSGI worker 4 (pid: 12619, cores: 2)
spawned uWSGI http 1 (pid: 12620)
SIGINT/SIGQUIT received...killing workers...
gateway "uWSGI http 1" has been buried (pid: 12620)
worker 1 buried after 1 seconds
worker 2 buried after 1 seconds
worker 3 buried after 1 seconds
worker 4 buried after 1 seconds
goodbye to uWSGI.
*** Starting uWSGI 2.0.17 (64bit) on [Mon Mar 26 21:54:29 2018] ***
compiled with version: 5.4.0 20160609 on 18 March 2018 01:42:49
os: Linux-4.13.0-37-generic #42~16.04.1-Ubuntu SMP Wed Mar 7 16:03:28 UTC 2018
nodename: dy-virtual-machine
machine: x86_64
clock source: unix
pcre jit disabled
detected number of CPU cores: 4
current working directory: /home/dy/pytest/django1/dailfresh
writing pidfile to uwsgi.pid
detected binary path: /home/dy/.virtualenvs/pydjango/bin/uwsgi
chdir() to /home/dy/pytest/django1/dailfresh
your processes number limit is 11709
your memory page size is 4096 bytes
detected max file descriptor number: 1024
lock engine: pthread robust mutexes
thunder lock: disabled (you can enable it with --thunder-lock)
uWSGI http bound on 127.0.0.1:8000 fd 4
uwsgi socket 0 bound to TCP address 127.0.0.1:39925 (port auto-assigned) fd 3
Python version: 2.7.12 (default, Dec  4 2017, 14:50:18)  [GCC 5.4.0 20160609]
Python main interpreter initialized at 0x2618c20
python threads support enabled
your server socket listen backlog is limited to 100 connections
your mercy for graceful operations on workers is 60 seconds
mapped 416720 bytes (406 KB) for 8 cores
*** Operational MODE: preforking+threaded ***
WSGI app 0 (mountpoint='') ready in 0 seconds on interpreter 0x2618c20 pid: 13130 (default app)
*** uWSGI is running in multiple interpreter mode ***
spawned uWSGI master process (pid: 13130)
spawned uWSGI worker 1 (pid: 13132, cores: 2)
spawned uWSGI worker 2 (pid: 13133, cores: 2)
spawned uWSGI worker 3 (pid: 13134, cores: 2)
spawned uWSGI worker 4 (pid: 13136, cores: 2)
spawned uWSGI http 1 (pid: 13138)
Building prefix dict from the default dictionary ...
Loading model from cache /tmp/jieba.cache
Loading model cost 1.465 seconds.
Prefix dict has been built succesfully.
ok
('goods_ids=', '9')
[pid: 13133|app: 0|req: 1/1] 127.0.0.1 () {40 vars in 768 bytes} [Mon Mar 26 21:54:35 2018] GET /9/ => generated 6519 bytes in 1844 msecs (HTTP/1.1 200) 4 headers in 136 bytes (1 switches on core 0)
[pid: 13132|app: 0|req: 1/2] 127.0.0.1 () {38 vars in 698 bytes} [Mon Mar 26 21:54:37 2018] GET /9/js/jquery-1.12.2.js => generated 95 bytes in 675 msecs (HTTP/1.1 404) 2 headers in 80 bytes (1 switches on core 0)
[pid: 13132|app: 0|req: 2/3] 127.0.0.1 () {40 vars in 719 bytes} [Mon Mar 26 21:54:38 2018] GET /cart/add1_1/ => generated 12 bytes in 102 msecs (HTTP/1.1 200) 3 headers in 94 bytes (1 switches on core 1)
[pid: 13133|app: 0|req: 2/4] 127.0.0.1 () {40 vars in 773 bytes} [Mon Mar 26 21:54:40 2018] GET / => generated 11976 bytes in 108 msecs (HTTP/1.1 200) 3 headers in 102 bytes (1 switches on core 1)
[pid: 13136|app: 0|req: 1/5] 127.0.0.1 () {38 vars in 698 bytes} [Mon Mar 26 21:54:40 2018] GET /static/js/slideshow.js => generated 96 bytes in 6730 msecs (HTTP/1.1 404) 2 headers in 80 bytes (1 switches on core 0)
[pid: 13134|app: 0|req: 1/6] 127.0.0.1 () {40 vars in 717 bytes} [Mon Mar 26 21:54:47 2018] GET /cart/add1_1/ => generated 12 bytes in 3911 msecs (HTTP/1.1 200) 3 headers in 94 bytes (1 switches on core 0)
SIGINT/SIGQUIT received...killing workers...
gateway "uWSGI http 1" has been buried (pid: 13138)
worker 1 buried after 1 seconds
worker 2 buried after 1 seconds
worker 3 buried after 1 seconds
worker 4 buried after 1 seconds
goodbye to uWSGI.
*** Starting uWSGI 2.0.17 (64bit) on [Mon Mar 26 22:41:40 2018] ***
compiled with version: 5.4.0 20160609 on 18 March 2018 01:42:49
os: Linux-4.13.0-37-generic #42~16.04.1-Ubuntu SMP Wed Mar 7 16:03:28 UTC 2018
nodename: dy-virtual-machine
machine: x86_64
clock source: unix
pcre jit disabled
detected number of CPU cores: 4
current working directory: /home/dy/pytest/django1/dailfresh
writing pidfile to uwsgi.pid
detected binary path: /home/dy/.virtualenvs/pydjango/bin/uwsgi
chdir() to /home/dy/pytest/django1/dailfresh
your processes number limit is 11709
your memory page size is 4096 bytes
detected max file descriptor number: 1024
lock engine: pthread robust mutexes
thunder lock: disabled (you can enable it with --thunder-lock)
uwsgi socket 0 bound to TCP address 127.0.0.1:8000 fd 3
Python version: 2.7.12 (default, Dec  4 2017, 14:50:18)  [GCC 5.4.0 20160609]
Python main interpreter initialized at 0x114ab90
python threads support enabled
your server socket listen backlog is limited to 100 connections
your mercy for graceful operations on workers is 60 seconds
mapped 416720 bytes (406 KB) for 8 cores
*** Operational MODE: preforking+threaded ***
WSGI app 0 (mountpoint='') ready in 1 seconds on interpreter 0x114ab90 pid: 14369 (default app)
*** uWSGI is running in multiple interpreter mode ***
spawned uWSGI master process (pid: 14369)
spawned uWSGI worker 1 (pid: 14371, cores: 2)
spawned uWSGI worker 2 (pid: 14372, cores: 2)
spawned uWSGI worker 3 (pid: 14374, cores: 2)
spawned uWSGI worker 4 (pid: 14375, cores: 2)
[pid: 14371|app: 0|req: 1/1] 127.0.0.1 () {40 vars in 740 bytes} [Mon Mar 26 22:42:32 2018] GET / => generated 11976 bytes in 300 msecs (HTTP/1.1 200) 3 headers in 102 bytes (1 switches on core 0)
[pid: 14371|app: 0|req: 2/2] 127.0.0.1 () {40 vars in 714 bytes} [Mon Mar 26 22:42:33 2018] GET /favicon.ico => generated 85 bytes in 3 msecs (HTTP/1.1 404) 2 headers in 80 bytes (1 switches on core 1)
[pid: 14372|app: 0|req: 1/3] 127.0.0.1 () {42 vars in 771 bytes} [Mon Mar 26 23:01:21 2018] GET / => generated 11976 bytes in 644 msecs (HTTP/1.1 200) 3 headers in 102 bytes (1 switches on core 0)
[pid: 14372|app: 0|req: 2/4] 127.0.0.1 () {42 vars in 771 bytes} [Mon Mar 26 23:01:26 2018] GET / => generated 11976 bytes in 103 msecs (HTTP/1.1 200) 3 headers in 102 bytes (1 switches on core 1)
[pid: 14372|app: 0|req: 3/5] 127.0.0.1 () {42 vars in 771 bytes} [Mon Mar 26 23:04:51 2018] GET / => generated 11976 bytes in 144 msecs (HTTP/1.1 200) 3 headers in 102 bytes (1 switches on core 0)
[pid: 14371|app: 0|req: 3/6] 127.0.0.1 () {42 vars in 719 bytes} [Mon Mar 26 23:04:51 2018] GET /cart/add1_1/ => generated 12 bytes in 80 msecs (HTTP/1.1 200) 3 headers in 94 bytes (1 switches on core 1)
Building prefix dict from the default dictionary ...
Loading model from cache /tmp/jieba.cache
Loading model cost 1.832 seconds.
Prefix dict has been built succesfully.
ok
('goods_ids=', '36')
[pid: 14375|app: 0|req: 1/7] 127.0.0.1 () {42 vars in 779 bytes} [Mon Mar 26 23:05:10 2018] GET /36/ => generated 6533 bytes in 2199 msecs (HTTP/1.1 200) 4 headers in 137 bytes (1 switches on core 0)
[pid: 14372|app: 0|req: 4/8] 127.0.0.1 () {40 vars in 717 bytes} [Mon Mar 26 23:05:12 2018] GET /36/js/jquery-1.12.2.js => generated 96 bytes in 4 msecs (HTTP/1.1 404) 2 headers in 80 bytes (1 switches on core 1)
[pid: 14375|app: 0|req: 2/9] 127.0.0.1 () {40 vars in 717 bytes} [Mon Mar 26 23:05:12 2018] GET /36/js/jquery-1.12.2.js => generated 96 bytes in 7 msecs (HTTP/1.1 404) 2 headers in 80 bytes (1 switches on core 1)
[pid: 14374|app: 0|req: 1/10] 127.0.0.1 () {42 vars in 736 bytes} [Mon Mar 26 23:05:12 2018] GET /cart/add1_1/ => generated 12 bytes in 1142 msecs (HTTP/1.1 200) 3 headers in 94 bytes (1 switches on core 0)
[pid: 14374|app: 0|req: 2/11] 127.0.0.1 () {42 vars in 800 bytes} [Mon Mar 26 23:05:18 2018] GET /cart/ => generated 8456 bytes in 139 msecs (HTTP/1.1 200) 3 headers in 102 bytes (1 switches on core 1)
[pid: 14371|app: 0|req: 4/12] 127.0.0.1 () {42 vars in 738 bytes} [Mon Mar 26 23:05:19 2018] GET /cart/add1_1/ => generated 12 bytes in 759 msecs (HTTP/1.1 200) 3 headers in 94 bytes (1 switches on core 0)
SIGINT/SIGQUIT received...killing workers...
worker 1 buried after 1 seconds
worker 2 buried after 1 seconds
worker 3 buried after 1 seconds
worker 4 buried after 3 seconds
goodbye to uWSGI.
*** Starting uWSGI 2.0.17 (64bit) on [Mon Mar 26 23:23:55 2018] ***
compiled with version: 5.4.0 20160609 on 18 March 2018 01:42:49
os: Linux-4.13.0-37-generic #42~16.04.1-Ubuntu SMP Wed Mar 7 16:03:28 UTC 2018
nodename: dy-virtual-machine
machine: x86_64
clock source: unix
pcre jit disabled
detected number of CPU cores: 4
current working directory: /home/dy/pytest/django1/dailfresh
writing pidfile to uwsgi.pid
detected binary path: /home/dy/.virtualenvs/pydjango/bin/uwsgi
chdir() to /home/dy/pytest/django1/dailfresh
your processes number limit is 11709
your memory page size is 4096 bytes
detected max file descriptor number: 1024
lock engine: pthread robust mutexes
thunder lock: disabled (you can enable it with --thunder-lock)
uwsgi socket 0 bound to TCP address 192.168.206.159:8000 fd 3
Python version: 2.7.12 (default, Dec  4 2017, 14:50:18)  [GCC 5.4.0 20160609]
Python main interpreter initialized at 0xd3ab90
python threads support enabled
your server socket listen backlog is limited to 100 connections
your mercy for graceful operations on workers is 60 seconds
mapped 416720 bytes (406 KB) for 8 cores
*** Operational MODE: preforking+threaded ***
WSGI app 0 (mountpoint='') ready in 2 seconds on interpreter 0xd3ab90 pid: 15749 (default app)
*** uWSGI is running in multiple interpreter mode ***
spawned uWSGI master process (pid: 15749)
spawned uWSGI worker 1 (pid: 15757, cores: 2)
spawned uWSGI worker 2 (pid: 15758, cores: 2)
spawned uWSGI worker 3 (pid: 15759, cores: 2)
spawned uWSGI worker 4 (pid: 15761, cores: 2)
[pid: 15759|app: 0|req: 1/1] 192.168.206.1 () {42 vars in 784 bytes} [Mon Mar 26 23:25:26 2018] GET / => generated 11982 bytes in 313 msecs (HTTP/1.1 200) 3 headers in 102 bytes (1 switches on core 0)
[pid: 15758|app: 0|req: 1/2] 192.168.206.1 () {42 vars in 764 bytes} [Mon Mar 26 23:25:27 2018] GET /favicon.ico => generated 85 bytes in 158 msecs (HTTP/1.1 404) 2 headers in 80 bytes (1 switches on core 0)
[pid: 15761|app: 0|req: 1/3] 192.168.206.1 () {44 vars in 815 bytes} [Mon Mar 26 23:25:40 2018] GET / => generated 11982 bytes in 614 msecs (HTTP/1.1 200) 3 headers in 102 bytes (1 switches on core 0)
[pid: 15757|app: 0|req: 1/4] 192.168.206.1 () {44 vars in 815 bytes} [Mon Mar 26 23:30:49 2018] GET / => generated 11982 bytes in 189 msecs (HTTP/1.1 200) 3 headers in 102 bytes (1 switches on core 0)
[pid: 15761|app: 0|req: 2/5] 192.168.206.1 () {44 vars in 769 bytes} [Mon Mar 26 23:30:50 2018] GET /cart/add1_1/ => generated 0 bytes in 111 msecs (HTTP/1.1 302) 5 headers in 193 bytes (1 switches on core 1)
[pid: 15761|app: 0|req: 3/6] 192.168.206.1 () {44 vars in 767 bytes} [Mon Mar 26 23:30:50 2018] GET /user/login/ => generated 2952 bytes in 25 msecs (HTTP/1.1 200) 4 headers in 224 bytes (1 switches on core 0)
[pid: 15758|app: 0|req: 2/7] 192.168.206.1 () {44 vars in 843 bytes} [Mon Mar 26 23:30:53 2018] GET /list2_1_1/ => generated 6586 bytes in 65 msecs (HTTP/1.1 200) 3 headers in 102 bytes (1 switches on core 0)
[pid: 15758|app: 0|req: 3/8] 192.168.206.1 () {44 vars in 779 bytes} [Mon Mar 26 23:30:53 2018] GET /cart/add1_1/ => generated 0 bytes in 32 msecs (HTTP/1.1 302) 5 headers in 193 bytes (1 switches on core 1)
[pid: 15757|app: 0|req: 2/9] 192.168.206.1 () {44 vars in 777 bytes} [Mon Mar 26 23:30:54 2018] GET /user/login/ => generated 2952 bytes in 5 msecs (HTTP/1.1 200) 4 headers in 224 bytes (1 switches on core 1)
SIGINT/SIGQUIT received...killing workers...
worker 1 buried after 1 seconds
worker 2 buried after 1 seconds
worker 3 buried after 1 seconds
worker 4 buried after 1 seconds
goodbye to uWSGI.
*** Starting uWSGI 2.0.17 (64bit) on [Tue Mar 27 00:22:26 2018] ***
compiled with version: 5.4.0 20160609 on 18 March 2018 01:42:49
os: Linux-4.13.0-37-generic #42~16.04.1-Ubuntu SMP Wed Mar 7 16:03:28 UTC 2018
nodename: dy-virtual-machine
machine: x86_64
clock source: unix
pcre jit disabled
detected number of CPU cores: 4
current working directory: /home/dy/pytest/django1/dailfresh
writing pidfile to uwsgi.pid
detected binary path: /home/dy/.virtualenvs/pydjango/bin/uwsgi
chdir() to /home/dy/pytest/django1/dailfresh
your processes number limit is 11709
your memory page size is 4096 bytes
detected max file descriptor number: 1024
lock engine: pthread robust mutexes
thunder lock: disabled (you can enable it with --thunder-lock)
uwsgi socket 0 bound to TCP address 127.0.0.1:8000 fd 3
Python version: 2.7.12 (default, Dec  4 2017, 14:50:18)  [GCC 5.4.0 20160609]
Python main interpreter initialized at 0x1cb5b80
python threads support enabled
your server socket listen backlog is limited to 100 connections
your mercy for graceful operations on workers is 60 seconds
mapped 416720 bytes (406 KB) for 8 cores
*** Operational MODE: preforking+threaded ***
WSGI app 0 (mountpoint='') ready in 0 seconds on interpreter 0x1cb5b80 pid: 17501 (default app)
*** uWSGI is running in multiple interpreter mode ***
spawned uWSGI master process (pid: 17501)
spawned uWSGI worker 1 (pid: 17504, cores: 2)
spawned uWSGI worker 2 (pid: 17505, cores: 2)
spawned uWSGI worker 3 (pid: 17506, cores: 2)
spawned uWSGI worker 4 (pid: 17508, cores: 2)
[pid: 17505|app: 0|req: 1/1] 192.168.206.1 () {42 vars in 784 bytes} [Tue Mar 27 00:23:09 2018] GET / => generated 11982 bytes in 324 msecs (HTTP/1.1 200) 3 headers in 102 bytes (1 switches on core 0)
[pid: 17504|app: 0|req: 1/2] 192.168.206.1 () {44 vars in 769 bytes} [Tue Mar 27 00:23:10 2018] GET /cart/add1_1/ => generated 0 bytes in 178 msecs (HTTP/1.1 302) 5 headers in 193 bytes (1 switches on core 0)
[pid: 17508|app: 0|req: 1/3] 192.168.206.1 () {44 vars in 767 bytes} [Tue Mar 27 00:23:10 2018] GET /user/login/ => generated 2952 bytes in 95 msecs (HTTP/1.1 200) 4 headers in 224 bytes (1 switches on core 0)
...brutally killing workers...
Gracefully killing worker 3 (pid: 17506)...
Gracefully killing worker 4 (pid: 17508)...
worker 3 buried after 4 seconds
worker 4 buried after 4 seconds
worker 1 buried after 10 seconds
worker 2 buried after 10 seconds
binary reloading uWSGI...
chdir() to /home/dy/pytest/django1/dailfresh
closing all non-uwsgi socket fds > 2 (max_fd = 1024)...
found fd 3 mapped to socket 0 (127.0.0.1:8000)
running /home/dy/.virtualenvs/pydjango/bin/uwsgi
[uWSGI] getting INI configuration from uwsgi.ini
*** Starting uWSGI 2.0.17 (64bit) on [Tue Mar 27 00:32:22 2018] ***
compiled with version: 5.4.0 20160609 on 18 March 2018 01:42:49
os: Linux-4.13.0-37-generic #42~16.04.1-Ubuntu SMP Wed Mar 7 16:03:28 UTC 2018
nodename: dy-virtual-machine
machine: x86_64
clock source: unix
pcre jit disabled
detected number of CPU cores: 4
current working directory: /home/dy/pytest/django1/dailfresh
detected binary path: /home/dy/.virtualenvs/pydjango/bin/uwsgi
chdir() to /home/dy/pytest/django1/dailfresh
your processes number limit is 11709
your memory page size is 4096 bytes
detected max file descriptor number: 1024
lock engine: pthread robust mutexes
thunder lock: disabled (you can enable it with --thunder-lock)
uwsgi socket 0 inherited INET address 127.0.0.1:8000 fd 3
Python version: 2.7.12 (default, Dec  4 2017, 14:50:18)  [GCC 5.4.0 20160609]
Python main interpreter initialized at 0x1e5b4f0
python threads support enabled
your server socket listen backlog is limited to 100 connections
your mercy for graceful operations on workers is 60 seconds
mapped 416720 bytes (406 KB) for 8 cores
*** Operational MODE: preforking+threaded ***
WSGI app 0 (mountpoint='') ready in 9 seconds on interpreter 0x1e5b4f0 pid: 17501 (default app)
*** uWSGI is running in multiple interpreter mode ***
gracefully (RE)spawned uWSGI master process (pid: 17501)
spawned uWSGI worker 1 (pid: 17879, cores: 2)
spawned uWSGI worker 2 (pid: 17880, cores: 2)
spawned uWSGI worker 3 (pid: 17881, cores: 2)
spawned uWSGI worker 4 (pid: 17883, cores: 2)
